2026-04-19 01:17:46:1746 [31merror[39m: [31m400 - Validation failed - /api/v1/admin/city/create - POST - ::1[39m
2026-04-19 01:21:09:219 [31merror[39m: [31m400 - Validation failed - /api/v1/admin/city/create - POST - ::1[39m
2026-04-19 01:21:46:2146 [31merror[39m: [31m400 - Validation failed - /api/v1/admin/city/create - POST - ::1[39m
2026-04-19 01:25:11:2511 [31merror[39m: [31m400 - Validation failed - /api/v1/admin/city/create - POST - ::1[39m
2026-04-19 01:26:57:2657 [31merror[39m: [31m400 - Validation failed - /api/v1/admin/city/create - POST - ::1[39m
2026-04-19 01:27:15:2715 [31merror[39m: [31m400 - Validation failed - /api/v1/admin/city/create - POST - ::1[39m
2026-04-19 01:30:06:306 [31merror[39m: [31m400 - Validation failed - /api/v1/admin/city/create - POST - ::1[39m
2026-04-19 01:30:12:3012 [31merror[39m: [31m400 - Validation failed - /api/v1/admin/city/create - POST - ::1[39m
2026-04-19 06:48:33:4833 [31merror[39m: [31m400 - Validation failed - /api/v1/admin/city/create - POST - ::1[39m
2026-04-19 06:49:00:490 [31merror[39m: [31m400 - Validation failed - /api/v1/admin/city/create - POST - ::1[39m
2026-04-19 06:51:56:5156 [31merror[39m: [31m400 - Validation failed - /api/v1/admin/city/create - POST - ::1[39m
2026-04-19 06:56:51:5651 [31merror[39m: [31m400 - Validation failed - /api/v1/admin/city/create - POST - ::1[39m
2026-04-19 06:57:12:5712 [31merror[39m: [31m400 - Validation failed - /api/v1/admin/city/create - POST - ::1[39m
2026-04-19 06:58:50:5850 [31merror[39m: [31m400 - Validation failed - /api/v1/admin/city/create - POST - ::1[39m
2026-04-19 06:59:05:595 [31merror[39m: [31m400 - Validation failed - /api/v1/admin/city/create - POST - ::1[39m
2026-04-19 06:59:20:5920 [31merror[39m: [31m400 - Validation failed - /api/v1/admin/city/create - POST - ::1[39m
2026-04-19 06:59:35:5935 [31merror[39m: [31m400 - Validation failed - /api/v1/admin/city/create - POST - ::1[39m
2026-04-19 06:59:40:5940 [31merror[39m: [31m400 - Validation failed - /api/v1/admin/city/create - POST - ::1[39m
2026-04-19 07:00:37:037 [31merror[39m: [31m400 - Validation failed - /api/v1/admin/city/create - POST - ::1[39m
2026-04-19 07:03:02:32 [31merror[39m: [31m400 - Validation failed - /api/v1/admin/city/create - POST - ::1[39m
2026-04-19 07:12:47:1247 [31merror[39m: [31m400 - Validation failed - /api/v1/admin/city/create - POST - ::1[39m
2026-04-19 07:13:21:1321 [31merror[39m: [31m400 - Validation failed - /api/v1/admin/city/create - POST - ::1[39m
2026-04-19 07:15:15:1515 [31merror[39m: [31m400 - Validation failed - /api/v1/admin/city/create - POST - ::1[39m
2026-04-19 07:25:13:2513 [31merror[39m: [31m500 - Converting circular structure to JSON[39m
[31m    --> starting at object with constructor 'Socket'[39m
[31m    |     property 'parser' -> object with constructor 'HTTPParser'[39m
[31m    --- property 'socket' closes the circle - /api/v1/admin/city/create - POST - ::1[39m
2026-04-19 07:25:54:2554 [31merror[39m: [31m500 - Converting circular structure to JSON[39m
[31m    --> starting at object with constructor 'Socket'[39m
[31m    |     property 'parser' -> object with constructor 'HTTPParser'[39m
[31m    --- property 'socket' closes the circle - /api/v1/admin/city/create - POST - ::1[39m
2026-04-19 07:26:43:2643 [31merror[39m: [31m500 - Converting circular structure to JSON[39m
[31m    --> starting at object with constructor 'Socket'[39m
[31m    |     property 'parser' -> object with constructor 'HTTPParser'[39m
[31m    --- property 'socket' closes the circle - /api/v1/admin/city/create - POST - ::1[39m
2026-04-19 07:31:48:3148 [31merror[39m: [31m500 - E11000 duplicate key error collection: location_based_ecommerce.citymodels index: name_1 dup key: { name: "dhaka24" } - /api/v1/admin/city/create - POST - ::1[39m
2026-04-19 08:16:56:1656 [31merror[39m: [31m500 - this.repository.update is not a function - /api/v1/admin/city/69e42f531d56d984b31901aa - PUT - ::1[39m
2026-04-19 08:22:49:2249 [31merror[39m: [31m500 - this.repository.update is not a function - /api/v1/admin/city/69e42f531d56d984b31901aa - PUT - ::1[39m
2026-04-19 08:35:42:3542 [31merror[39m: [31m500 - name is not defined - /api/v1/admin/city/69e42f531d56d984b31901aa - PUT - ::1[39m
2026-04-19 08:48:23:4823 [31merror[39m: [31m500 - Cannot access 'id' before initialization - /api/v1/admin/city/69e437874e5b9564d47fef03 - DELETE - ::1[39m
2026-04-19 08:49:09:499 [31merror[39m: [31m500 - Cannot access 'id' before initialization - /api/v1/admin/city/69e437874e5b9564d47fef03 - DELETE - ::1[39m
2026-04-19 08:50:34:5034 [31merror[39m: [31m500 - this.repository.delete is not a function - /api/v1/admin/city/69e437874e5b9564d47fef03 - DELETE - ::1[39m
2026-04-19 09:04:39:439 [31merror[39m: [31m500 - resizeBy is not defined - /api/v1/admin/city/69e437874e5b9564d47fef03 - DELETE - ::1[39m
2026-04-19 09:11:43:1143 [31merror[39m: [31m404 - CityModel not found - /api/v1/admin/city/69e437874e5b9564d47fef03 - DELETE - ::1[39m
2026-04-19 09:12:03:123 [31merror[39m: [31m404 - CityModel not found - /api/v1/admin/city/69e437874e5b9564d47fef03 - DELETE - ::1[39m
2026-04-19 09:37:52:3752 [31merror[39m: [31m404 - CityModel not found - /api/v1/admin/city/69e437874e5b9564d47fef03 - DELETE - ::1[39m
